<?xml version="1.0" encoding="utf-8"?><testsuites name="pytest tests"><testsuite name="pytest" errors="0" failures="1" skipped="0" tests="9" time="19.824" timestamp="2026-05-03T08:50:36.803082+00:00" hostname="agent-env-a6e95bc3-1da0-4b66-95fd-aa4565d0e685"><testcase classname="backend.tests.test_recipes" name="test_root" time="0.288" /><testcase classname="backend.tests.test_recipes" name="test_local_aloo_jeera" time="0.140" /><testcase classname="backend.tests.test_recipes" name="test_ai_fallback_global" time="0.131"><failure message="AssertionError: assert 'local' == 'ai'&#10;  &#10;  - ai&#10;  + local">backend/tests/test_recipes.py:41: in test_ai_fallback_global
    assert d["source"] == "ai"
E   AssertionError: assert 'local' == 'ai'
E     
E     - ai
E     + local</failure></testcase><testcase classname="backend.tests.test_recipes" name="test_empty_ingredients" time="0.095" /><testcase classname="backend.tests.test_recipes" name="test_suggest_three_indian" time="0.131" /><testcase classname="backend.tests.test_recipes" name="test_suggest_empty_400" time="0.094" /><testcase classname="backend.tests.test_recipes" name="test_youtube_embed" time="0.125" /><testcase classname="backend.tests.test_recipes" name="test_youtube_global" time="0.093" /><testcase classname="backend.tests.test_recipes" name="test_image_generation" time="18.509" /></testsuite></testsuites>