<?xml version="1.0" encoding="utf-8"?><testsuites name="pytest tests"><testsuite name="pytest" errors="0" failures="0" skipped="0" tests="16" time="21.089" timestamp="2026-05-03T09:46:12.850149+00:00" hostname="agent-env-a6e95bc3-1da0-4b66-95fd-aa4565d0e685"><testcase classname="backend.tests.test_recipes" name="test_root" time="0.168" /><testcase classname="backend.tests.test_recipes" name="test_local_aloo_jeera" time="0.133" /><testcase classname="backend.tests.test_recipes" name="test_ai_fallback_global" time="2.703" /><testcase classname="backend.tests.test_recipes" name="test_empty_ingredients" time="0.099" /><testcase classname="backend.tests.test_recipes" name="test_suggest_three_indian" time="0.142" /><testcase classname="backend.tests.test_recipes" name="test_suggest_empty_400" time="0.104" /><testcase classname="backend.tests.test_recipes" name="test_youtube_embed_indian" time="0.771" /><testcase classname="backend.tests.test_recipes" name="test_youtube_embed_global" time="0.681" /><testcase classname="backend.tests.test_recipes" name="test_suggest_chana_masala" time="0.151" /><testcase classname="backend.tests.test_recipes" name="test_local_first_indian_staples[ings0-aloo jeera]" time="0.101" /><testcase classname="backend.tests.test_recipes" name="test_local_first_indian_staples[ings1-None]" time="0.148" /><testcase classname="backend.tests.test_recipes" name="test_local_first_indian_staples[ings2-jeera rice]" time="1.637" /><testcase classname="backend.tests.test_recipes" name="test_local_first_indian_staples[ings3-bread omelette]" time="0.135" /><testcase classname="backend.tests.test_recipes" name="test_local_first_indian_staples[ings4-chana]" time="0.101" /><testcase classname="backend.tests.test_recipes" name="test_local_first_indian_staples[ings5-upma]" time="0.113" /><testcase classname="backend.tests.test_recipes" name="test_image_generation" time="13.735" /></testsuite></testsuites>